<?xml version="1.0" encoding="UTF-8"?>
<testsuite name="com.bootcamp.JPA.Part2.JpaPart2ApplicationTests" tests="1" skipped="0" failures="0" errors="0" timestamp="2020-03-18T09:37:15" hostname="gunjan" time="0.187">
  <properties/>
  <testcase name="deleteEmpAge()" classname="com.bootcamp.JPA.Part2.JpaPart2ApplicationTests" time="0.187"/>
  <system-out><![CDATA[15:07:11.702 [Test worker] DEBUG org.springframework.test.context.BootstrapUtils - Instantiating CacheAwareContextLoaderDelegate from class [org.springframework.test.context.cache.DefaultCacheAwareContextLoaderDelegate]
15:07:11.711 [Test worker] DEBUG org.springframework.test.context.BootstrapUtils - Instantiating BootstrapContext using constructor [public org.springframework.test.context.support.DefaultBootstrapContext(java.lang.Class,org.springframework.test.context.CacheAwareContextLoaderDelegate)]
15:07:11.729 [Test worker] DEBUG org.springframework.test.context.BootstrapUtils - Instantiating TestContextBootstrapper for test class [com.bootcamp.JPA.Part2.JpaPart2ApplicationTests] from class [org.springframework.boot.test.context.SpringBootTestContextBootstrapper]
15:07:11.745 [Test worker] INFO org.springframework.boot.test.context.SpringBootTestContextBootstrapper - Neither @ContextConfiguration nor @ContextHierarchy found for test class [com.bootcamp.JPA.Part2.JpaPart2ApplicationTests], using SpringBootContextLoader
15:07:11.749 [Test worker] DEBUG org.springframework.test.context.support.AbstractContextLoader - Did not detect default resource location for test class [com.bootcamp.JPA.Part2.JpaPart2ApplicationTests]: class path resource [com/bootcamp/JPA/Part2/JpaPart2ApplicationTests-context.xml] does not exist
15:07:11.749 [Test worker] DEBUG org.springframework.test.context.support.AbstractContextLoader - Did not detect default resource location for test class [com.bootcamp.JPA.Part2.JpaPart2ApplicationTests]: class path resource [com/bootcamp/JPA/Part2/JpaPart2ApplicationTestsContext.groovy] does not exist
15:07:11.749 [Test worker] INFO org.springframework.test.context.support.AbstractContextLoader - Could not detect default resource locations for test class [com.bootcamp.JPA.Part2.JpaPart2ApplicationTests]: no resource found for suffixes {-context.xml, Context.groovy}.
15:07:11.750 [Test worker] INFO org.springframework.test.context.support.AnnotationConfigContextLoaderUtils - Could not detect default configuration classes for test class [com.bootcamp.JPA.Part2.JpaPart2ApplicationTests]: JpaPart2ApplicationTests does not declare any static, non-private, non-final, nested classes annotated with @Configuration.
15:07:11.773 [Test worker] DEBUG org.springframework.test.context.support.ActiveProfilesUtils - Could not find an 'annotation declaring class' for annotation type [org.springframework.test.context.ActiveProfiles] and class [com.bootcamp.JPA.Part2.JpaPart2ApplicationTests]
15:07:11.818 [Test worker] DEBUG org.springframework.context.annotation.ClassPathScanningCandidateComponentProvider - Identified candidate component class: file [/home/gunjan/Desktop/JPA Part-2/JPA-Part-2/build/classes/java/main/com/bootcamp/JPA/Part2/JpaPart2Application.class]
15:07:11.818 [Test worker] INFO org.springframework.boot.test.context.SpringBootTestContextBootstrapper - Found @SpringBootConfiguration com.bootcamp.JPA.Part2.JpaPart2Application for test class com.bootcamp.JPA.Part2.JpaPart2ApplicationTests
15:07:11.877 [Test worker] DEBUG org.springframework.boot.test.context.SpringBootTestContextBootstrapper - @TestExecutionListeners is not present for class [com.bootcamp.JPA.Part2.JpaPart2ApplicationTests]: using defaults.
15:07:11.877 [Test worker] INFO org.springframework.boot.test.context.SpringBootTestContextBootstrapper - Loaded default TestExecutionListener class names from location [META-INF/spring.factories]: [org.springframework.boot.test.autoconfigure.restdocs.RestDocsTestExecutionListener, org.springframework.boot.test.autoconfigure.web.client.MockRestServiceServerResetTestExecutionListener, org.springframework.boot.test.autoconfigure.web.servlet.MockMvcPrintOnlyOnFailureTestExecutionListener, org.springframework.boot.test.autoconfigure.web.servlet.WebDriverTestExecutionListener, org.springframework.boot.test.mock.mockito.MockitoTestExecutionListener, org.springframework.boot.test.mock.mockito.ResetMocksTestExecutionListener, org.springframework.test.context.web.ServletTestExecutionListener, org.springframework.test.context.support.DirtiesContextBeforeModesTestExecutionListener, org.springframework.test.context.support.DependencyInjectionTestExecutionListener, org.springframework.test.context.support.DirtiesContextTestExecutionListener, org.springframework.test.context.transaction.TransactionalTestExecutionListener, org.springframework.test.context.jdbc.SqlScriptsTestExecutionListener, org.springframework.test.context.event.EventPublishingTestExecutionListener]
15:07:11.886 [Test worker] INFO org.springframework.boot.test.context.SpringBootTestContextBootstrapper - Using TestExecutionListeners: [org.springframework.test.context.web.ServletTestExecutionListener@262884d6, org.springframework.test.context.support.DirtiesContextBeforeModesTestExecutionListener@426249e6, org.springframework.boot.test.mock.mockito.MockitoTestExecutionListener@f9f9a72, org.springframework.boot.test.autoconfigure.SpringBootDependencyInjectionTestExecutionListener@37398f58, org.springframework.test.context.support.DirtiesContextTestExecutionListener@5555b35d, org.springframework.test.context.transaction.TransactionalTestExecutionListener@528ed68, org.springframework.test.context.jdbc.SqlScriptsTestExecutionListener@7697abb5, org.springframework.test.context.event.EventPublishingTestExecutionListener@d2fb970, org.springframework.boot.test.autoconfigure.restdocs.RestDocsTestExecutionListener@75182cd3, org.springframework.boot.test.autoconfigure.web.client.MockRestServiceServerResetTestExecutionListener@3719dcb5, org.springframework.boot.test.autoconfigure.web.servlet.MockMvcPrintOnlyOnFailureTestExecutionListener@7c9803e0, org.springframework.boot.test.autoconfigure.web.servlet.WebDriverTestExecutionListener@c0cc13a, org.springframework.boot.test.mock.mockito.ResetMocksTestExecutionListener@38461adc]
15:07:11.889 [Test worker] DEBUG org.springframework.test.context.support.AbstractDirtiesContextTestExecutionListener - Before test class: context [DefaultTestContext@5cbed3af testClass = JpaPart2ApplicationTests, testInstance = [null], testMethod = [null], testException = [null], mergedContextConfiguration = [WebMergedContextConfiguration@186202ea testClass = JpaPart2ApplicationTests, locations = '{}', classes = '{class com.bootcamp.JPA.Part2.JpaPart2Application}', contextInitializerClasses = '[]', activeProfiles = '{}', propertySourceLocations = '{}', propertySourceProperties = '{org.springframework.boot.test.context.SpringBootTestContextBootstrapper=true}', contextCustomizers = set[org.springframework.boot.test.autoconfigure.properties.PropertyMappingContextCustomizer@0, org.springframework.boot.test.autoconfigure.web.servlet.WebDriverContextCustomizerFactory$Customizer@17ba88d7, org.springframework.boot.test.context.filter.ExcludeFilterContextCustomizer@2c9fba67, org.springframework.boot.test.json.DuplicateJsonObjectContextCustomizerFactory$DuplicateJsonObjectContextCustomizer@3c435674, org.springframework.boot.test.mock.mockito.MockitoContextCustomizer@0, org.springframework.boot.test.web.client.TestRestTemplateContextCustomizer@193a0b7b], resourceBasePath = 'src/main/webapp', contextLoader = 'org.springframework.boot.test.context.SpringBootContextLoader', parent = [null]], attributes = map['org.springframework.test.context.web.ServletTestExecutionListener.activateListener' -> true]], class annotated with @DirtiesContext [false] with mode [null].
15:07:11.907 [Test worker] DEBUG org.springframework.test.context.support.TestPropertySourceUtils - Adding inlined properties to environment: {spring.jmx.enabled=false, org.springframework.boot.test.context.SpringBootTestContextBootstrapper=true, server.port=-1}

  .   ____          _            __ _ _
 /\\ / ___'_ __ _ _(_)_ __  __ _ \ \ \ \
( ( )\___ | '_ | '_| | '_ \/ _` | \ \ \ \
 \\/  ___)| |_)| | | | | || (_| |  ) ) ) )
  '  |____| .__|_| |_|_| |_\__, | / / / /
 =========|_|==============|___/=/_/_/_/
 :: Spring Boot ::        (v2.2.5.RELEASE)

2020-03-18 15:07:12.121  INFO 32739 --- [    Test worker] c.b.JPA.Part2.JpaPart2ApplicationTests   : Starting JpaPart2ApplicationTests on gunjan with PID 32739 (started by gunjan in /home/gunjan/Desktop/JPA Part-2/JPA-Part-2)
2020-03-18 15:07:12.123  INFO 32739 --- [    Test worker] c.b.JPA.Part2.JpaPart2ApplicationTests   : No active profile set, falling back to default profiles: default
2020-03-18 15:07:12.696  INFO 32739 --- [    Test worker] .s.d.r.c.RepositoryConfigurationDelegate : Multiple Spring Data modules found, entering strict repository configuration mode!
2020-03-18 15:07:12.697  INFO 32739 --- [    Test worker] .s.d.r.c.RepositoryConfigurationDelegate : Bootstrapping Spring Data JDBC repositories in DEFAULT mode.
2020-03-18 15:07:12.727  INFO 32739 --- [    Test worker] .RepositoryConfigurationExtensionSupport : Spring Data JDBC - Could not safely identify store assignment for repository candidate interface com.bootcamp.JPA.Part2.embedding.EmployeeDetailsRepo. If you want this repository to be a JDBC repository, consider annotating your entities with one of these annotations: org.springframework.data.relational.core.mapping.Table.
2020-03-18 15:07:12.729  INFO 32739 --- [    Test worker] .RepositoryConfigurationExtensionSupport : Spring Data JDBC - Could not safely identify store assignment for repository candidate interface com.bootcamp.JPA.Part2.repositry.EmployeeRepository. If you want this repository to be a JDBC repository, consider annotating your entities with one of these annotations: org.springframework.data.relational.core.mapping.Table.
2020-03-18 15:07:12.731  INFO 32739 --- [    Test worker] .RepositoryConfigurationExtensionSupport : Spring Data JDBC - Could not safely identify store assignment for repository candidate interface com.bootcamp.JPA.Part2.repositry.PaymentRep. If you want this repository to be a JDBC repository, consider annotating your entities with one of these annotations: org.springframework.data.relational.core.mapping.Table.
2020-03-18 15:07:12.731  INFO 32739 --- [    Test worker] .s.d.r.c.RepositoryConfigurationDelegate : Finished Spring Data repository scanning in 30ms. Found 0 JDBC repository interfaces.
2020-03-18 15:07:12.741  INFO 32739 --- [    Test worker] .s.d.r.c.RepositoryConfigurationDelegate : Multiple Spring Data modules found, entering strict repository configuration mode!
2020-03-18 15:07:12.742  INFO 32739 --- [    Test worker] .s.d.r.c.RepositoryConfigurationDelegate : Bootstrapping Spring Data JPA repositories in DEFAULT mode.
2020-03-18 15:07:12.788  INFO 32739 --- [    Test worker] .s.d.r.c.RepositoryConfigurationDelegate : Finished Spring Data repository scanning in 42ms. Found 3 JPA repository interfaces.
2020-03-18 15:07:13.299  INFO 32739 --- [    Test worker] o.hibernate.jpa.internal.util.LogHelper  : HHH000204: Processing PersistenceUnitInfo [name: default]
2020-03-18 15:07:13.347  INFO 32739 --- [    Test worker] org.hibernate.Version                    : HHH000412: Hibernate ORM core version 5.4.12.Final
2020-03-18 15:07:13.441  INFO 32739 --- [    Test worker] o.hibernate.annotations.common.Version   : HCANN000001: Hibernate Commons Annotations {5.1.0.Final}
2020-03-18 15:07:13.517  INFO 32739 --- [    Test worker] com.zaxxer.hikari.HikariDataSource       : HikariPool-1 - Starting...
2020-03-18 15:07:13.844  INFO 32739 --- [    Test worker] com.zaxxer.hikari.HikariDataSource       : HikariPool-1 - Start completed.
2020-03-18 15:07:13.855  INFO 32739 --- [    Test worker] org.hibernate.dialect.Dialect            : HHH000400: Using dialect: org.hibernate.dialect.MySQL5InnoDBDialect
2020-03-18 15:07:13.976  WARN 32739 --- [    Test worker] org.hibernate.cfg.AnnotationBinder       : HHH000137: Root entity should not hold a PrimaryKeyJoinColum(s), will be ignored: com.bootcamp.JPA.Part2.entities.Check
2020-03-18 15:07:13.977  WARN 32739 --- [    Test worker] org.hibernate.cfg.AnnotationBinder       : HHH000137: Root entity should not hold a PrimaryKeyJoinColum(s), will be ignored: com.bootcamp.JPA.Part2.entities.CreditCard
2020-03-18 15:07:14.440  INFO 32739 --- [    Test worker] o.h.e.t.j.p.i.JtaPlatformInitiator       : HHH000490: Using JtaPlatform implementation: [org.hibernate.engine.transaction.jta.platform.internal.NoJtaPlatform]
2020-03-18 15:07:14.444  INFO 32739 --- [    Test worker] j.LocalContainerEntityManagerFactoryBean : Initialized JPA EntityManagerFactory for persistence unit 'default'
2020-03-18 15:07:14.609  WARN 32739 --- [    Test worker] JpaBaseConfiguration$JpaWebConfiguration : spring.jpa.open-in-view is enabled by default. Therefore, database queries may be performed during view rendering. Explicitly configure spring.jpa.open-in-view to disable this warning
2020-03-18 15:07:15.128  INFO 32739 --- [    Test worker] o.s.s.concurrent.ThreadPoolTaskExecutor  : Initializing ExecutorService 'applicationTaskExecutor'
2020-03-18 15:07:15.421  INFO 32739 --- [    Test worker] c.b.JPA.Part2.JpaPart2ApplicationTests   : Started JpaPart2ApplicationTests in 3.509 seconds (JVM running for 4.319)
[Employee{id=1, firstName='Gunjan', lastName='Dawar', salary=23000, age=25}, Employee{id=3, firstName='Pulkit', lastName='Kathuria', salary=23000, age=35}, Employee{id=5, firstName='balpreet', lastName='singh', salary=33000, age=32}]
]]></system-out>
  <system-err><![CDATA[]]></system-err>
</testsuite>
